#
# A fatal error has been detected by the Java Runtime Environment:
#
#  EXCEPTION_ACCESS_VIOLATION (0xc0000005) at pc=0x000000006d19a85d, pid=5040, tid=7568
#
# JRE version: 6.0_26-b03
# Java VM: Java HotSpot(TM) 64-Bit Server VM (20.1-b02 mixed mode windows-amd64 compressed oops)
# Problematic frame:
# C  [awt.dll+0xfa85d]
#
# If you would like to submit a bug report, please visit:
#   http://java.sun.com/webapps/bugreport/crash.jsp
# The crash happened outside the Java Virtual Machine in native code.
# See problematic frame for where to report the bug.
#

---------------  T H R E A D  ---------------

Current thread (0x0000000006e90000):  JavaThread "AWT-Windows" daemon [_thread_in_native, id=7568, stack(0x0000000007d40000,0x0000000007e40000)]

siginfo: ExceptionCode=0xc0000005, reading address 0x0000000000000000

Registers:
RAX=0x0000000000002000, RBX=0x0000000008b4ac70, RCX=0x0000000000000000, RDX=0x0000000000000258
RSP=0x0000000007e3f370, RBP=0x0000000000000000, RSI=0x0000000000000026, RDI=0x0000000000000000
R8 =0x0000000000000026, R9 =0x0000000000001000, R10=0x0000000000000000, R11=0x000000006df952c0
R12=0x0000000000000000, R13=0x00000000db5fb368, R14=0x0000000007e3f638, R15=0x0000000006e90000
RIP=0x000000006d19a85d, EFLAGS=0x0000000000010202

Top of Stack: (sp=0x0000000007e3f370)
0x0000000007e3f370:   0000000000000000 000000007762f674
0x0000000007e3f380:   0000000000000000 000007feff0e1574
0x0000000007e3f390:   000007feff8a50c0 0000000000000000
0x0000000007e3f3a0:   0000000000000000 0000000000000000
0x0000000007e3f3b0:   0000000000000000 000000006d9c34e8
0x0000000007e3f3c0:   0000000000000000 000000006d18e30b
0x0000000007e3f3d0:   0000000008b7fcf0 0000000006e901d0
0x0000000007e3f3e0:   0000000000000001 0000000000000000
0x0000000007e3f3f0:   0000000006e901d0 000000006d18e40b
0x0000000007e3f400:   0000000000000000 000000006d171abc
0x0000000007e3f410:   0000000008b7fcf0 0000000000000000
0x0000000007e3f420:   0000000006e901d0 000000006d18e548
0x0000000007e3f430:   fffff8a000000082 0000000008b7fcf0
0x0000000007e3f440:   0000000000000001 0000000000000000
0x0000000007e3f450:   0000000008b7fcf0 000000006d12224e
0x0000000007e3f460:   00000000003394c0 0000000007e3f618 

Instructions: (pc=0x000000006d19a85d)
0x000000006d19a83d:   e9 11 01 00 00 48 8b 89 10 a0 00 00 85 d2 b8 00
0x000000006d19a84d:   20 00 00 41 b9 00 10 00 00 44 8b c6 44 0f 44 c8
0x000000006d19a85d:   48 8b 01 41 c1 e0 05 44 89 4c 24 20 4c 8d 4c 24
0x000000006d19a86d:   30 c1 e2 05 ff 50 58 33 ff 85 c0 44 8b d8 0f 88 


Register to memory mapping:

RAX=0x0000000000002000 is an unknown value
RBX=0x0000000008b4ac70 is an unknown value
RCX=0x0000000000000000 is an unknown value
RDX=0x0000000000000258 is an unknown value
RSP=0x0000000007e3f370 is pointing into the stack for thread: 0x0000000006e90000
RBP=0x0000000000000000 is an unknown value
RSI=0x0000000000000026 is an unknown value
RDI=0x0000000000000000 is an unknown value
R8 =0x0000000000000026 is an unknown value
R9 =0x0000000000001000 is an unknown value
R10=0x0000000000000000 is an unknown value
R11=0x000000006df952c0 is an unknown value
R12=0x0000000000000000 is an unknown value
R13=0x00000000db5fb368 is an oop
{constMethod} 
 - klass: {other class}
 - method:       0x00000000db5fb390 {method} 'sync' '()V' in 'sun/awt/windows/WToolkit'
 - exceptions:   0x00000000dae01ef8
R14=0x0000000007e3f638 is pointing into the stack for thread: 0x0000000006e90000
R15=0x0000000006e90000 is a thread


Stack: [0x0000000007d40000,0x0000000007e40000],  sp=0x0000000007e3f370,  free space=1020k
Native frames: (J=compiled Java code, j=interpreted, Vv=VM code, C=native code)
C  [awt.dll+0xfa85d]  D3DVertexCacher::Render+0x5d

[error occurred during error reporting (printing native stack), id 0xc0000005]

Java frames: (J=compiled Java code, j=interpreted, Vv=VM code)
j  sun.awt.windows.WToolkit.eventLoop()V+0
j  sun.awt.windows.WToolkit.run()V+52
j  java.lang.Thread.run()V+11
v  ~StubRoutines::call_stub

---------------  P R O C E S S  ---------------

Java Threads: ( => current thread )
  0x000000000662f000 JavaThread "Thread-1" daemon [_thread_in_native, id=1296, stack(0x0000000010290000,0x0000000010390000)]
  0x0000000006624800 JavaThread "Image Fetcher 3" daemon [_thread_blocked, id=7196, stack(0x000000000efb0000,0x000000000f0b0000)]
  0x0000000006627800 JavaThread "Image Fetcher 2" daemon [_thread_blocked, id=5260, stack(0x000000000eeb0000,0x000000000efb0000)]
  0x0000000006629800 JavaThread "Image Fetcher 1" daemon [_thread_blocked, id=7896, stack(0x000000000cf90000,0x000000000d090000)]
  0x0000000006628800 JavaThread "Image Fetcher 0" daemon [_thread_blocked, id=5092, stack(0x000000000c980000,0x000000000ca80000)]
  0x000000000662b800 JavaThread "Trident callback thread" daemon [_thread_blocked, id=6084, stack(0x000000000edb0000,0x000000000eeb0000)]
  0x000000000662b000 JavaThread "Trident pulse source thread" daemon [_thread_blocked, id=4608, stack(0x000000000ecb0000,0x000000000edb0000)]
  0x000000000662a000 JavaThread "SwingWorker-pool-25-thread-2" daemon [_thread_blocked, id=9104, stack(0x0000000008d80000,0x0000000008e80000)]
  0x0000000006623800 JavaThread "SwingWorker-pool-25-thread-1" daemon [_thread_blocked, id=1256, stack(0x000000000c490000,0x000000000c590000)]
  0x0000000006622000 JavaThread "TimerQueue" daemon [_thread_blocked, id=5152, stack(0x000000000c690000,0x000000000c790000)]
  0x000000000864b800 JavaThread "Substance heap status" daemon [_thread_blocked, id=8148, stack(0x000000000c090000,0x000000000c190000)]
  0x00000000001fc000 JavaThread "DestroyJavaVM" [_thread_blocked, id=2840, stack(0x0000000002610000,0x0000000002710000)]
  0x0000000006e91000 JavaThread "AWT-EventQueue-0" [_thread_blocked, id=8144, stack(0x0000000007e40000,0x0000000007f40000)]
=>0x0000000006e90000 JavaThread "AWT-Windows" daemon [_thread_in_native, id=7568, stack(0x0000000007d40000,0x0000000007e40000)]
  0x0000000006e3d000 JavaThread "AWT-Shutdown" [_thread_blocked, id=4152, stack(0x0000000007c40000,0x0000000007d40000)]
  0x0000000006e3c800 JavaThread "Java2D Disposer" daemon [_thread_blocked, id=7948, stack(0x0000000007b40000,0x0000000007c40000)]
  0x00000000065a0800 JavaThread "Low Memory Detector" daemon [_thread_blocked, id=1576, stack(0x0000000006b40000,0x0000000006c40000)]
  0x000000000659f000 JavaThread "C2 CompilerThread1" daemon [_thread_blocked, id=7064, stack(0x0000000006a40000,0x0000000006b40000)]
  0x000000000659a000 JavaThread "C2 CompilerThread0" daemon [_thread_blocked, id=4364, stack(0x0000000006940000,0x0000000006a40000)]
  0x0000000006553000 JavaThread "Attach Listener" daemon [_thread_blocked, id=7464, stack(0x0000000006840000,0x0000000006940000)]
  0x000000000654d800 JavaThread "Signal Dispatcher" daemon [_thread_blocked, id=8004, stack(0x0000000006740000,0x0000000006840000)]
  0x000000000072c000 JavaThread "Finalizer" daemon [_thread_blocked, id=6812, stack(0x0000000006440000,0x0000000006540000)]
  0x0000000000725000 JavaThread "Reference Handler" daemon [_thread_blocked, id=6056, stack(0x0000000006340000,0x0000000006440000)]

Other Threads:
  0x000000000071f000 VMThread [stack: 0x0000000006240000,0x0000000006340000] [id=6844]
  0x00000000065b4800 WatcherThread [stack: 0x0000000006c40000,0x0000000006d40000] [id=3288]

VM state:not at safepoint (normal execution)

VM Mutex/Monitor currently owned by a thread: None

Heap
 PSYoungGen      total 99776K, used 56946K [0x00000000f5560000, 0x00000000ffe00000, 0x0000000100000000)
  eden space 56192K, 23% used [0x00000000f5560000,0x00000000f6274f40,0x00000000f8c40000)
  from space 43584K, 99% used [0x00000000f8cc0000,0x00000000fb747a90,0x00000000fb750000)
  to   space 58240K, 0% used [0x00000000fc520000,0x00000000fc520000,0x00000000ffe00000)
 PSOldGen        total 349568K, used 212557K [0x00000000e0000000, 0x00000000f5560000, 0x00000000f5560000)
  object space 349568K, 60% used [0x00000000e0000000,0x00000000ecf93600,0x00000000f5560000)
 PSPermGen       total 27328K, used 26991K [0x00000000dae00000, 0x00000000dc8b0000, 0x00000000e0000000)
  object space 27328K, 98% used [0x00000000dae00000,0x00000000dc85bfa8,0x00000000dc8b0000)

Code Cache  [0x0000000002710000, 0x0000000002a60000, 0x0000000005710000)
 total_blobs=1454 nmethods=926 adapters=479 free_code_cache=46929664 largest_free_block=7936

Dynamic libraries:
0x0000000000400000 - 0x000000000042e000 	C:\PROGRAM FILES\JAVA\JDK1.6.0_26\BIN\java.exe
0x0000000077720000 - 0x00000000778c9000 	C:\Windows\SYSTEM32\ntdll.dll
0x00000000773c0000 - 0x00000000774df000 	C:\Windows\system32\kernel32.dll
0x000007fefd740000 - 0x000007fefd7ab000 	C:\Windows\system32\KERNELBASE.dll
0x000007feff950000 - 0x000007feffa2b000 	C:\Windows\system32\ADVAPI32.dll
0x000007fefeae0000 - 0x000007fefeb7f000 	C:\Windows\system32\msvcrt.dll
0x000007feff110000 - 0x000007feff12f000 	C:\Windows\SYSTEM32\sechost.dll
0x000007fefeec0000 - 0x000007fefefed000 	C:\Windows\system32\RPCRT4.dll
0x000007fefd310000 - 0x000007fefd367000 	C:\Windows\system32\apphelp.dll
0x000007fef0bb0000 - 0x000007fef0c01000 	C:\Windows\AppPatch\AppPatch64\AcGenral.DLL
0x000007fefd2e0000 - 0x000007fefd305000 	C:\Windows\system32\SspiCli.dll
0x000007fefeff0000 - 0x000007feff061000 	C:\Windows\system32\SHLWAPI.dll
0x000007feff070000 - 0x000007feff0d7000 	C:\Windows\system32\GDI32.dll
0x0000000077620000 - 0x000000007771a000 	C:\Windows\system32\USER32.dll
0x000007fefeeb0000 - 0x000007fefeebe000 	C:\Windows\system32\LPK.dll
0x000007fefe910000 - 0x000007fefe9d9000 	C:\Windows\system32\USP10.dll
0x000007feff740000 - 0x000007feff943000 	C:\Windows\system32\ole32.dll
0x000007fefdb80000 - 0x000007fefe908000 	C:\Windows\system32\SHELL32.dll
0x00000000718e0000 - 0x00000000718e3000 	C:\Windows\system32\sfc.dll
0x000007fef78c0000 - 0x000007fef78d0000 	C:\Windows\system32\sfc_os.DLL
0x000007fefc740000 - 0x000007fefc75e000 	C:\Windows\system32\USERENV.dll
0x000007fefd440000 - 0x000007fefd44f000 	C:\Windows\system32\profapi.dll
0x000007fefd4f0000 - 0x000007fefd508000 	C:\Windows\system32\dwmapi.dll
0x000007fef4f40000 - 0x000007fef4f58000 	C:\Windows\system32\MPR.dll
0x000007feff0e0000 - 0x000007feff10e000 	C:\Windows\system32\IMM32.DLL
0x000007feff130000 - 0x000007feff239000 	C:\Windows\system32\MSCTF.dll
0x000000006d890000 - 0x000000006e048000 	C:\PROGRAM FILES\JAVA\JDK1.6.0_26\jre\bin\server\jvm.dll
0x000007fefd700000 - 0x000007fefd73b000 	C:\Windows\system32\WINMM.dll
0x000000006d800000 - 0x000000006d80e000 	C:\PROGRAM FILES\JAVA\JDK1.6.0_26\jre\bin\verify.dll
0x000000006d450000 - 0x000000006d477000 	C:\PROGRAM FILES\JAVA\JDK1.6.0_26\jre\bin\java.dll
0x00000000778f0000 - 0x00000000778f7000 	C:\Windows\system32\PSAPI.DLL
0x000000006d850000 - 0x000000006d862000 	C:\PROGRAM FILES\JAVA\JDK1.6.0_26\jre\bin\zip.dll
0x000000006d6a0000 - 0x000000006d6b7000 	C:\Program Files\Java\jdk1.6.0_26\jre\bin\net.dll
0x000007fefee60000 - 0x000007fefeead000 	C:\Windows\system32\WS2_32.dll
0x000007fefdb70000 - 0x000007fefdb78000 	C:\Windows\system32\NSI.dll
0x000007fefccb0000 - 0x000007fefcd05000 	C:\Windows\system32\mswsock.dll
0x000007fefcca0000 - 0x000007fefcca7000 	C:\Windows\System32\wship6.dll
0x000007fefb180000 - 0x000007fefb195000 	C:\Windows\system32\NLAapi.dll
0x000007fef9240000 - 0x000007fef9255000 	C:\Windows\system32\napinsp.dll
0x000007fefa1e0000 - 0x000007fefa1f9000 	C:\Windows\system32\pnrpnsp.dll
0x000007fef92b0000 - 0x000007fef92de000 	C:\Program Files\Common Files\Microsoft Shared\Windows Live\WLIDNSP.DLL
0x000007fefcb30000 - 0x000007fefcb8b000 	C:\Windows\system32\DNSAPI.dll
0x000007fefa1d0000 - 0x000007fefa1db000 	C:\Windows\System32\winrnr.dll
0x000007fef9d90000 - 0x000007fef9da0000 	C:\Windows\system32\wshbth.dll
0x0000000073290000 - 0x00000000732b6000 	C:\Program Files\Bonjour\mdnsNSP.dll
0x000007fefacb0000 - 0x000007fefacd7000 	C:\Windows\system32\Iphlpapi.DLL
0x000007fefac90000 - 0x000007fefac9b000 	C:\Windows\system32\WINNSI.DLL
0x000007fefc620000 - 0x000007fefc627000 	C:\Windows\System32\wshtcpip.dll
0x000007fef92a0000 - 0x000007fef92a8000 	C:\Windows\system32\rasadhlp.dll
0x000007fefa0b0000 - 0x000007fefa103000 	C:\Windows\System32\fwpuclnt.dll
0x000000006d0a0000 - 0x000000006d263000 	C:\Program Files\Java\jdk1.6.0_26\jre\bin\awt.dll
0x000007fef5fb0000 - 0x000007fef6021000 	C:\Windows\system32\WINSPOOL.DRV
0x000007fefbea0000 - 0x000007fefc094000 	C:\Windows\WinSxS\amd64_microsoft.windows.common-controls_6595b64144ccf1df_6.0.7601.17514_none_fa396087175ac9ac\COMCTL32.dll
0x000007fef4e20000 - 0x000007fef4ec0000 	C:\Windows\WinSxS\amd64_microsoft.windows.common-controls_6595b64144ccf1df_5.82.7601.18201_none_a4d3b9377117c3df\comctl32.dll
0x000007fefbc90000 - 0x000007fefbce6000 	C:\Windows\system32\uxtheme.dll
0x000007fefd370000 - 0x000007fefd37f000 	C:\Windows\system32\CRYPTBASE.dll
0x000000006d340000 - 0x000000006d3a6000 	C:\Program Files\Java\jdk1.6.0_26\jre\bin\fontmanager.dll
0x000000006d6c0000 - 0x000000006d6cb000 	C:\Program Files\Java\jdk1.6.0_26\jre\bin\nio.dll
0x000007feee860000 - 0x000007feeea5f000 	C:\Windows\system32\d3d9.dll
0x000007fefc610000 - 0x000007fefc61c000 	C:\Windows\system32\VERSION.dll
0x000007fef8e50000 - 0x000007fef8e57000 	C:\Windows\system32\d3d8thk.dll
0x000000006a070000 - 0x000000006a138000 	C:\Windows\system32\aticfx64.dll
0x000007fefbe90000 - 0x000007fefbe9d000 	C:\Windows\system32\atiu9p64.dll
0x000000005cfa0000 - 0x000000005d4d9000 	C:\Windows\system32\atiumd64.dll
0x000000005e3b0000 - 0x000000005e77a000 	C:\Windows\system32\atiumd6a.dll
0x000000006d2b0000 - 0x000000006d2d8000 	C:\Program Files\Java\jdk1.6.0_26\jre\bin\dcpr.dll
0x000000006d5f0000 - 0x000000006d69f000 	C:\Program Files\Java\jdk1.6.0_26\jre\bin\mlib_image.dll
0x000007fefd8b0000 - 0x000007fefd987000 	C:\Windows\system32\OLEAUT32.DLL
0x000007fefe9e0000 - 0x000007fefea79000 	C:\Windows\system32\CLBCatQ.DLL
0x000007fefd990000 - 0x000007fefdb67000 	C:\Windows\system32\SETUPAPI.dll
0x000007fefd510000 - 0x000007fefd546000 	C:\Windows\system32\CFGMGR32.dll
0x000007fefd7b0000 - 0x000007fefd7ca000 	C:\Windows\system32\DEVOBJ.dll
0x000007fefbd20000 - 0x000007fefbe4c000 	C:\Windows\system32\propsys.dll
0x000007fefbcf0000 - 0x000007fefbd1d000 	C:\Windows\system32\ntmarta.dll
0x000007fefea80000 - 0x000007fefead2000 	C:\Windows\system32\WLDAP32.dll
0x000007fef0c80000 - 0x000007fef0e1c000 	C:\Windows\system32\NetworkExplorer.dll
0x000007fef3e90000 - 0x000007fef3ec4000 	C:\Windows\System32\shdocvw.dll
0x000007fefb0b0000 - 0x000007fefb0bb000 	C:\Windows\system32\slc.dll
0x000007fefb5b0000 - 0x000007fefb5ba000 	C:\Windows\System32\drprov.dll
0x000007fefc9d0000 - 0x000007fefca0d000 	C:\Windows\System32\WINSTA.dll
0x000007fefad50000 - 0x000007fefad72000 	C:\Windows\System32\ntlanman.dll
0x000007fef9800000 - 0x000007fef981c000 	C:\Windows\System32\davclnt.dll
0x000007fefad40000 - 0x000007fefad4a000 	C:\Windows\System32\DAVHLPR.dll
0x000007fefb450000 - 0x000007fefb465000 	C:\Windows\system32\wkscli.dll
0x000007fef5ee0000 - 0x000007fef5eef000 	C:\Windows\system32\cscapi.dll
0x000007fefb470000 - 0x000007fefb47c000 	C:\Windows\system32\netutils.dll
0x000007fef8450000 - 0x000007fef850d000 	C:\Windows\system32\PortableDeviceApi.dll
0x000007fefd6c0000 - 0x000007fefd6fa000 	C:\Windows\system32\WINTRUST.dll
0x000007fefd550000 - 0x000007fefd6bc000 	C:\Windows\system32\CRYPT32.dll
0x000007fefd4e0000 - 0x000007fefd4ef000 	C:\Windows\system32\MSASN1.dll
0x000007fef4320000 - 0x000007fef4355000 	C:\Windows\system32\EhStorShell.dll
0x000007fef7e60000 - 0x000007fef7e87000 	C:\Windows\system32\EhStorAPI.dll
0x000007fef49c0000 - 0x000007fef49cc000 	C:\Windows\system32\LINKINFO.dll
0x000007fef33e0000 - 0x000007fef34b7000 	C:\Windows\system32\SearchFolder.dll
0x000007fef3360000 - 0x000007fef33db000 	C:\Windows\System32\StructuredQuery.dll
0x000007fefd130000 - 0x000007fefd13b000 	C:\Windows\System32\Secur32.dll
0x000007fefb5c0000 - 0x000007fefb721000 	C:\Windows\system32\WindowsCodecs.dll
0x0000000012320000 - 0x000000001233b000 	C:\Program Files\Common Files\TortoiseOverlays\TortoiseOverlays.dll
0x0000000012350000 - 0x0000000012360000 	D:\Program Files\svn\bin\TortoiseStub.dll
0x0000000012730000 - 0x000000001282e000 	D:\Program Files\svn\bin\TortoiseSVN.dll
0x000007fef8e20000 - 0x000007fef8e27000 	C:\Windows\system32\SHFOLDER.dll
0x000007feff3e0000 - 0x000007feff50a000 	C:\Windows\system32\WININET.dll
0x000007feff260000 - 0x000007feff3d9000 	C:\Windows\system32\urlmon.dll
0x000007fefeb80000 - 0x000007fefeddc000 	C:\Windows\system32\iertutil.dll
0x000000006eec0000 - 0x000000006eeea000 	D:\Program Files\svn\bin\libapr_tsvn.dll
0x000000006a450000 - 0x000000006a4ed000 	C:\Windows\WinSxS\amd64_microsoft.vc90.crt_1fc8b3b9a1e18e3b_9.0.30729.4940_none_08e4299fa83d7e3c\MSVCR90.dll
0x000000006ee60000 - 0x000000006ee9d000 	D:\Program Files\svn\bin\libaprutil_tsvn.dll
0x00000000124c0000 - 0x00000000124d7000 	D:\Program Files\svn\bin\intl3_tsvn.dll
0x0000000069d30000 - 0x0000000069e03000 	C:\Windows\WinSxS\amd64_microsoft.vc90.crt_1fc8b3b9a1e18e3b_9.0.30729.4940_none_08e4299fa83d7e3c\MSVCP90.dll
0x0000000012950000 - 0x0000000012c63000 	D:\Program Files\svn\Languages\TortoiseProc2052.dll
0x000007fef4220000 - 0x000007fef42a0000 	C:\Windows\system32\ntshrui.dll
0x000007fefd070000 - 0x000007fefd093000 	C:\Windows\system32\srvcli.dll
0x000007fefcd10000 - 0x000007fefcd27000 	C:\Windows\system32\CRYPTSP.dll
0x000007fefca10000 - 0x000007fefca57000 	C:\Windows\system32\rsaenh.dll
0x000000006d570000 - 0x000000006d5a5000 	C:\Program Files\Java\jdk1.6.0_26\jre\bin\jpeg.dll
0x000000006d270000 - 0x000000006d2ad000 	C:\Program Files\Java\jdk1.6.0_26\jre\bin\cmm.dll
0x000007fef5b40000 - 0x000007fef5c65000 	C:\Windows\system32\dbghelp.dll

VM Arguments:
jvm_args: -Xms256M -Xmx512M 
java_command: mana-1.0.0.jar
Launcher Type: SUN_STANDARD

Environment Variables:
JAVA_HOME=C:\Program Files\Java\jdk1.6.0_26
CLASSPATH=.;C:\Program Files\Java\jdk1.6.0_26\lib\dt.jar;C:\Program Files\Java\jdk1.6.0_26\lib\tools.jar
PATH=C:\Program Files (x86)\AMD APP\bin\x86_64;C:\Program Files (x86)\AMD APP\bin\x86;C:\apache-maven-3.1.0\bin;C:\PROGRAM FILES\JAVA\JDK1.6.0_26\BIN;C:\PROGRAM FILES\COMMON FILES\MICROSOFT SHARED\WINDOWS LIVE;C:\PROGRAM FILES (X86)\COMMON FILES\MICROSOFT SHARED\WINDOWS LIVE;C:\WINDOWS\SYSTEM32;C:\WINDOWS;C:\WINDOWS\SYSTEM32\WBEM;C:\WINDOWS\SYSTEM32\WINDOWSPOWERSHELL\V1.0\;;C:\PROGRAM FILES (X86)\ATI TECHNOLOGIES\ATI.ACE\CORE-STATIC\;C:\PROGRAM FILES (X86)\SONY\VAIO STARTUP SETTING TOOL;C:\PROGRAM FILES (X86)\WINDOWS LIVE\SHARED;C:\PROGRAM FILES (X86)\COMMON FILES\THUNDER NETWORK\KANKAN\CODECS;D:\PROGRAM FILES\WINDOWS7MASTER;;D:\PROGRAM FILES\SVN\BIN;C:\PROGRAM FILES\APACHE SOFTWARE FOUNDATION\APACHE-ANT-1.8.3\BIN;C:\PROGRAM FILES (X86)\MICROSOFT SQL SERVER\100\TOOLS\BINN\;C:\PROGRAM FILES\MICROSOFT SQL SERVER\100\TOOLS\BINN\;C:\PROGRAM FILES\MICROSOFT SQL SERVER\100\DTS\BINN\;D:\Program Files\Windows7Master;C:\Program Files (x86)\ATI Technologies\ATI.ACE\Core-Static;E:\programs\wamp\bin\php\php5.3.13;C:\Python33;D:\Program Files\Tail4win
USERNAME=wangq
OS=Windows_NT
PROCESSOR_IDENTIFIER=Intel64 Family 6 Model 42 Stepping 7, GenuineIntel



---------------  S Y S T E M  ---------------

OS: Windows 7 Build 7601 Service Pack 1

CPU:total 4 (2 cores per cpu, 2 threads per core) family 6 model 42 stepping 7, cmov, cx8, fxsr, mmx, sse, sse2, sse3, ssse3, sse4.1, sse4.2, popcnt, ht

Memory: 4k page, physical 6272288k(1086760k free), swap 12542716k(4955068k free)

vm_info: Java HotSpot(TM) 64-Bit Server VM (20.1-b02) for windows-amd64 JRE (1.6.0_26-b03), built on May  4 2011 07:15:24 by "java_re" with MS VC++ 8.0 (VS2005)

time: Sun Jun 22 11:49:29 2014
elapsed time: 43825 seconds

